 Variables=t,voluz,Dvoluz,qair,qbtm,CumE,CumT,Error,Error%
  1.000       0.499884E+000      -0.116127E-003       0.000000E+000       0.000000E+000       0.116127E-003       0.000000E+000      -0.291064E-033       0.250643E-027
  2.000       0.499757E+000      -0.243140E-003       0.000000E+000       0.000000E+000       0.243140E-003       0.000000E+000      -0.521520E-033       0.214494E-027
  3.000       0.499569E+000      -0.430608E-003       0.000000E+000       0.000000E+000       0.430608E-003       0.000000E+000      -0.730734E-033       0.169698E-027
  4.000       0.499426E+000      -0.573751E-003       0.000000E+000       0.000000E+000       0.573751E-003       0.000000E+000      -0.592261E-033       0.103226E-027
  5.000       0.499236E+000      -0.764367E-003       0.000000E+000       0.000000E+000       0.764367E-003       0.000000E+000      -0.725045E-033       0.948556E-028
  6.000       0.499032E+000      -0.967731E-003       0.000000E+000       0.000000E+000       0.967731E-003       0.000000E+000      -0.537154E-033       0.555065E-028
  7.000       0.498872E+000      -0.112822E-002       0.000000E+000       0.000000E+000       0.112822E-002       0.000000E+000      -0.870054E-033       0.771171E-028
  8.000       0.498753E+000      -0.124712E-002       0.000000E+000       0.000000E+000       0.124712E-002       0.000000E+000      -0.187496E-032       0.150344E-027
  9.000       0.498601E+000      -0.139886E-002       0.000000E+000       0.000000E+000       0.139886E-002       0.000000E+000      -0.213282E-032       0.152469E-027
 10.000       0.498485E+000      -0.151513E-002       0.000000E+000       0.000000E+000       0.151513E-002       0.000000E+000      -0.325847E-032       0.215062E-027
 11.000       0.498328E+000      -0.167161E-002       0.000000E+000       0.000000E+000       0.167161E-002       0.000000E+000      -0.358855E-032       0.214677E-027
 12.000       0.498178E+000      -0.182249E-002       0.000000E+000       0.000000E+000       0.182249E-002       0.000000E+000      -0.427861E-032       0.234767E-027
 13.000       0.497946E+000      -0.205428E-002       0.000000E+000       0.000000E+000       0.205428E-002       0.000000E+000      -0.499463E-032       0.243132E-027
 14.000       0.497742E+000      -0.225776E-002       0.000000E+000       0.000000E+000       0.225776E-002       0.000000E+000      -0.528690E-032       0.234166E-027
 15.000       0.497538E+000      -0.246249E-002       0.000000E+000       0.000000E+000       0.246249E-002       0.000000E+000      -0.535950E-032       0.217646E-027
 16.000       0.497348E+000      -0.265213E-002       0.000000E+000       0.000000E+000       0.265213E-002       0.000000E+000      -0.561115E-032       0.211572E-027
 17.000       0.504091E+000       0.409112E-002       0.700000E-002       0.000000E+000       0.290888E-002       0.000000E+000      -0.672270E-032       0.678452E-028
 18.000       0.508313E+000       0.831299E-002       0.115000E-001       0.000000E+000       0.318701E-002       0.000000E+000      -0.830068E-032       0.998519E-028
 19.000       0.508038E+000       0.803821E-002       0.115000E-001       0.000000E+000       0.346179E-002       0.000000E+000      -0.929976E-032       0.115694E-027
 20.000       0.507781E+000       0.778126E-002       0.115000E-001       0.000000E+000       0.371874E-002       0.000000E+000      -0.946978E-032       0.121700E-027
 21.000       0.507486E+000       0.748560E-002       0.115000E-001       0.000000E+000       0.401440E-002       0.000000E+000      -0.954915E-032       0.127567E-027
 22.000       0.507138E+000       0.713788E-002       0.115000E-001       0.000000E+000       0.436212E-002       0.000000E+000      -0.100630E-031       0.140980E-027
 23.000       0.506353E+000       0.635297E-002       0.115000E-001       0.000000E+000       0.514703E-002       0.000000E+000      -0.104580E-031       0.164615E-027
 24.000       0.505777E+000       0.577657E-002       0.115000E-001       0.000000E+000       0.572343E-002       0.000000E+000      -0.117459E-031       0.203337E-027
 25.000       0.505363E+000       0.536330E-002       0.115000E-001       0.000000E+000       0.613670E-002       0.000000E+000      -0.118994E-031       0.193905E-027
 26.000       0.505040E+000       0.504016E-002       0.115000E-001       0.000000E+000       0.645984E-002       0.000000E+000      -0.130391E-031       0.201850E-027
 27.000       0.522273E+000       0.222732E-001       0.290000E-001       0.000000E+000       0.672677E-002       0.000000E+000      -0.139201E-031       0.574576E-028
 28.000       0.521504E+000       0.215039E-001       0.290000E-001       0.000000E+000       0.749612E-002       0.000000E+000      -0.142368E-031       0.662059E-028
 29.000       0.521150E+000       0.211499E-001       0.290000E-001       0.000000E+000       0.785015E-002       0.000000E+000      -0.145242E-031       0.686729E-028
 30.000       0.520617E+000       0.206173E-001       0.290000E-001       0.000000E+000       0.838271E-002       0.000000E+000      -0.151742E-031       0.735995E-028
 31.000       0.520150E+000       0.201504E-001       0.290000E-001       0.000000E+000       0.884964E-002       0.000000E+000      -0.158092E-031       0.784560E-028
 32.000       0.519672E+000       0.196722E-001       0.290000E-001       0.000000E+000       0.932775E-002       0.000000E+000      -0.167180E-031       0.849825E-028
 33.000       0.519083E+000       0.190835E-001       0.290000E-001       0.000000E+000       0.991651E-002       0.000000E+000      -0.179021E-031       0.938095E-028
 34.000       0.518404E+000       0.184041E-001       0.290000E-001       0.000000E+000       0.105959E-001       0.000000E+000      -0.194594E-031       0.105734E-027
 35.000       0.517883E+000       0.178834E-001       0.290000E-001       0.000000E+000       0.111166E-001       0.000000E+000      -0.201711E-031       0.112792E-027
 36.000       0.517291E+000       0.172909E-001       0.290000E-001       0.000000E+000       0.117091E-001       0.000000E+000      -0.202328E-031       0.117014E-027
 37.000       0.526690E+000       0.266897E-001       0.390000E-001       0.000000E+000       0.123103E-001       0.000000E+000      -0.205849E-031       0.771266E-028
 38.000       0.526218E+000       0.262180E-001       0.390000E-001       0.000000E+000       0.127820E-001       0.000000E+000      -0.213823E-031       0.815559E-028
 39.000       0.525579E+000       0.255795E-001       0.390000E-001       0.000000E+000       0.134205E-001       0.000000E+000      -0.223558E-031       0.873975E-028
 40.000       0.525026E+000       0.250264E-001       0.390000E-001       0.000000E+000       0.139736E-001       0.000000E+000      -0.226146E-031       0.903632E-028
 41.000       0.524453E+000       0.244533E-001       0.390000E-001       0.000000E+000       0.145467E-001       0.000000E+000      -0.238891E-031       0.976925E-028
 42.000       0.523957E+000       0.239566E-001       0.390000E-001       0.000000E+000       0.150434E-001       0.000000E+000      -0.245646E-031       0.102538E-027
 43.000       0.523280E+000       0.232797E-001       0.390000E-001       0.000000E+000       0.157203E-001       0.000000E+000      -0.251876E-031       0.108195E-027
 44.000       0.522702E+000       0.227016E-001       0.390000E-001       0.000000E+000       0.162984E-001       0.000000E+000      -0.262950E-031       0.115829E-027
 45.000       0.522221E+000       0.222213E-001       0.390000E-001       0.000000E+000       0.167787E-001       0.000000E+000      -0.269660E-031       0.121352E-027
 46.000       0.521347E+000       0.213472E-001       0.390000E-001       0.000000E+000       0.176528E-001       0.000000E+000      -0.273452E-031       0.128098E-027
 47.000       0.520570E+000       0.205699E-001       0.390000E-001       0.000000E+000       0.184301E-001       0.000000E+000      -0.269630E-031       0.131080E-027
 48.000       0.519484E+000       0.194844E-001       0.390000E-001       0.000000E+000       0.195156E-001       0.000000E+000      -0.270112E-031       0.138408E-027
 49.000       0.518884E+000       0.188841E-001       0.390000E-001       0.000000E+000       0.201159E-001       0.000000E+000      -0.293433E-031       0.145871E-027
 50.000       0.518149E+000       0.181486E-001       0.390000E-001       0.000000E+000       0.208514E-001       0.000000E+000      -0.294998E-031       0.141477E-027
 51.000       0.517139E+000       0.171388E-001       0.390000E-001       0.000000E+000       0.218612E-001       0.000000E+000      -0.306494E-031       0.140200E-027
 52.000       0.515878E+000       0.158776E-001       0.390000E-001       0.000000E+000       0.231224E-001       0.000000E+000      -0.309112E-031       0.133685E-027
 53.000       0.515020E+000       0.150197E-001       0.390000E-001       0.000000E+000       0.239803E-001       0.000000E+000      -0.318591E-031       0.132855E-027
 54.000       0.514024E+000       0.140239E-001       0.390000E-001       0.000000E+000       0.249761E-001       0.000000E+000      -0.323496E-031       0.129522E-027
 55.000       0.512928E+000       0.129279E-001       0.390000E-001       0.000000E+000       0.260721E-001       0.000000E+000      -0.344832E-031       0.132261E-027
 56.000       0.512205E+000       0.122048E-001       0.390000E-001       0.000000E+000       0.267952E-001       0.000000E+000      -0.354582E-031       0.132330E-027
 57.000       0.511497E+000       0.114974E-001       0.390000E-001       0.000000E+000       0.275026E-001       0.000000E+000      -0.368214E-031       0.133883E-027
 58.000       0.510678E+000       0.106780E-001       0.390000E-001       0.000000E+000       0.283220E-001       0.000000E+000      -0.374443E-031       0.132209E-027
 59.000       0.510074E+000       0.100742E-001       0.390000E-001       0.000000E+000       0.289258E-001       0.000000E+000      -0.396140E-031       0.136950E-027
 60.000       0.508838E+000       0.883786E-002       0.390000E-001       0.000000E+000       0.301621E-001       0.000000E+000      -0.387112E-031       0.128344E-027
 61.000       0.507980E+000       0.797971E-002       0.390000E-001       0.000000E+000       0.310203E-001       0.000000E+000      -0.381394E-031       0.122950E-027
 62.000       0.508298E+000       0.829839E-002       0.405000E-001       0.000000E+000       0.322016E-001       0.000000E+000      -0.372066E-031       0.110400E-027
 63.000       0.507161E+000       0.716090E-002       0.405000E-001       0.000000E+000       0.333391E-001       0.000000E+000      -0.381334E-031       0.114380E-027
 64.000       0.509747E+000       0.974728E-002       0.455000E-001       0.000000E+000       0.357527E-001       0.000000E+000      -0.392288E-031       0.962605E-028
 65.000       0.508026E+000       0.802558E-002       0.455000E-001       0.000000E+000       0.374744E-001       0.000000E+000      -0.407996E-031       0.108873E-027
 66.000       0.506102E+000       0.610204E-002       0.455000E-001       0.000000E+000       0.393980E-001       0.000000E+000      -0.409621E-031       0.103970E-027
 67.000       0.504604E+000       0.460434E-002       0.455000E-001       0.000000E+000       0.408957E-001       0.000000E+000      -0.424547E-031       0.103812E-027
 68.000       0.502248E+000       0.224751E-002       0.455000E-001       0.000000E+000       0.432525E-001       0.000000E+000      -0.403482E-031       0.932853E-028
 69.000       0.500786E+000       0.786414E-003       0.455000E-001       0.000000E+000       0.447136E-001       0.000000E+000      -0.398667E-031       0.891603E-028
 70.000       0.499928E+000      -0.720619E-004       0.455000E-001       0.000000E+000       0.455721E-001       0.000000E+000      -0.397163E-031       0.871505E-028
 71.000       0.499229E+000      -0.770545E-003       0.455000E-001       0.000000E+000       0.462705E-001       0.000000E+000      -0.405047E-031       0.875389E-028
 72.000       0.510130E+000       0.101298E-001       0.580000E-001       0.000000E+000       0.478702E-001       0.000000E+000      -0.409621E-031       0.678516E-028
 73.000       0.508405E+000       0.840531E-002       0.580000E-001       0.000000E+000       0.495947E-001       0.000000E+000      -0.416482E-031       0.839772E-028
 74.000       0.506137E+000       0.613721E-002       0.580000E-001       0.000000E+000       0.518628E-001       0.000000E+000      -0.421177E-031       0.812098E-028
 75.000       0.503499E+000       0.349899E-002       0.580000E-001       0.000000E+000       0.545010E-001       0.000000E+000      -0.411607E-031       0.755229E-028
 76.000       0.502128E+000       0.212824E-002       0.580000E-001       0.000000E+000       0.558718E-001       0.000000E+000      -0.410404E-031       0.734546E-028
 77.000       0.500758E+000       0.758138E-003       0.580000E-001       0.000000E+000       0.572419E-001       0.000000E+000      -0.417686E-031       0.729686E-028
 78.000       0.499654E+000      -0.346199E-003       0.580000E-001       0.000000E+000       0.583462E-001       0.000000E+000      -0.419492E-031       0.718970E-028
 79.000       0.498845E+000      -0.115529E-002       0.580000E-001       0.000000E+000       0.591553E-001       0.000000E+000      -0.429663E-031       0.726331E-028
 80.000       0.498316E+000      -0.168389E-002       0.580000E-001       0.000000E+000       0.596839E-001       0.000000E+000      -0.425751E-031       0.713343E-028
 81.000       0.513682E+000       0.136821E-001       0.760000E-001       0.000000E+000       0.623179E-001       0.000000E+000      -0.420274E-031       0.523263E-028
 82.000       0.511135E+000       0.111348E-001       0.760000E-001       0.000000E+000       0.648652E-001       0.000000E+000      -0.438269E-031       0.675662E-028
 83.000       0.508997E+000       0.899746E-002       0.760000E-001       0.000000E+000       0.670025E-001       0.000000E+000      -0.433936E-031       0.647641E-028
 84.000       0.506822E+000       0.682193E-002       0.760000E-001       0.000000E+000       0.691781E-001       0.000000E+000      -0.436223E-031       0.630580E-028
 85.000       0.505200E+000       0.519954E-002       0.760000E-001       0.000000E+000       0.708005E-001       0.000000E+000      -0.451269E-031       0.637382E-028
 86.000       0.503289E+000       0.328881E-002       0.760000E-001       0.000000E+000       0.727112E-001       0.000000E+000      -0.447658E-031       0.615666E-028
 87.000       0.502024E+000       0.202355E-002       0.760000E-001       0.000000E+000       0.739764E-001       0.000000E+000      -0.429603E-031       0.580729E-028
 88.000       0.501428E+000       0.142844E-002       0.760000E-001       0.000000E+000       0.745716E-001       0.000000E+000      -0.433695E-031       0.581583E-028
 89.000       0.500959E+000       0.958818E-003       0.760000E-001       0.000000E+000       0.750412E-001       0.000000E+000      -0.437908E-031       0.583557E-028
 90.000       0.500539E+000       0.539492E-003       0.760000E-001       0.000000E+000       0.754605E-001       0.000000E+000      -0.441038E-031       0.584462E-028
 91.000       0.500150E+000       0.149628E-003       0.760000E-001       0.000000E+000       0.758504E-001       0.000000E+000      -0.466918E-031       0.615577E-028
 92.000       0.499771E+000      -0.228566E-003       0.760000E-001       0.000000E+000       0.762286E-001       0.000000E+000      -0.483649E-031       0.634472E-028
 93.000       0.499407E+000      -0.592736E-003       0.760000E-001       0.000000E+000       0.765927E-001       0.000000E+000      -0.464149E-031       0.605996E-028
 94.000       0.499050E+000      -0.950403E-003       0.760000E-001       0.000000E+000       0.769504E-001       0.000000E+000      -0.469205E-031       0.609749E-028
 95.000       0.498699E+000      -0.130135E-002       0.760000E-001       0.000000E+000       0.773014E-001       0.000000E+000      -0.476668E-031       0.616636E-028
 96.000       0.498343E+000      -0.165659E-002       0.760000E-001       0.000000E+000       0.776566E-001       0.000000E+000      -0.476668E-031       0.613815E-028
 97.000       0.497990E+000      -0.201037E-002       0.760000E-001       0.000000E+000       0.780104E-001       0.000000E+000      -0.477390E-031       0.611957E-028
 98.000       0.511344E+000       0.113440E-001       0.925000E-001       0.000000E+000       0.811560E-001       0.000000E+000      -0.472334E-031       0.483672E-028
 99.000       0.508752E+000       0.875210E-002       0.925000E-001       0.000000E+000       0.837479E-001       0.000000E+000      -0.477871E-031       0.570607E-028
100.000       0.506444E+000       0.644368E-002       0.925000E-001       0.000000E+000       0.860563E-001       0.000000E+000      -0.493640E-031       0.573624E-028
101.000       0.503304E+000       0.330423E-002       0.925000E-001       0.000000E+000       0.891958E-001       0.000000E+000      -0.493279E-031       0.553029E-028
102.000       0.501950E+000       0.194998E-002       0.925000E-001       0.000000E+000       0.905500E-001       0.000000E+000      -0.483890E-031       0.534390E-028
103.000       0.501332E+000       0.133218E-002       0.925000E-001       0.000000E+000       0.911678E-001       0.000000E+000      -0.481482E-031       0.528128E-028
104.000       0.509920E+000       0.991951E-002       0.105000E+000       0.000000E+000       0.950805E-001       0.000000E+000      -0.477029E-031       0.443416E-028
105.000       0.506352E+000       0.635194E-002       0.105000E+000       0.000000E+000       0.986481E-001       0.000000E+000      -0.482205E-031       0.488813E-028
106.000       0.507050E+000       0.704967E-002       0.110000E+000       0.000000E+000       0.102950E+000       0.000000E+000      -0.472214E-031       0.437436E-028
107.000       0.502586E+000       0.258637E-002       0.110000E+000       0.000000E+000       0.107414E+000       0.000000E+000      -0.484612E-031       0.451164E-028
108.000       0.501499E+000       0.149883E-002       0.110000E+000       0.000000E+000       0.108501E+000       0.000000E+000      -0.475464E-031       0.438211E-028
109.000       0.517841E+000       0.178406E-001       0.130000E+000       0.000000E+000       0.112159E+000       0.000000E+000      -0.473418E-031       0.358217E-028
110.000       0.514702E+000       0.147021E-001       0.130000E+000       0.000000E+000       0.115298E+000       0.000000E+000      -0.455723E-031       0.395257E-028
111.000       0.511633E+000       0.116326E-001       0.130000E+000       0.000000E+000       0.118367E+000       0.000000E+000      -0.452955E-031       0.382668E-028
112.000       0.508876E+000       0.887569E-002       0.130000E+000       0.000000E+000       0.121124E+000       0.000000E+000      -0.449584E-031       0.371176E-028
113.000       0.506858E+000       0.685803E-002       0.130000E+000       0.000000E+000       0.123142E+000       0.000000E+000      -0.452112E-031       0.367147E-028
114.000       0.506138E+000       0.613751E-002       0.130000E+000       0.000000E+000       0.123862E+000       0.000000E+000      -0.451631E-031       0.364623E-028
115.000       0.505635E+000       0.563496E-002       0.130000E+000       0.000000E+000       0.124365E+000       0.000000E+000      -0.462825E-031       0.372150E-028
116.000       0.512529E+000       0.125294E-001       0.141000E+000       0.000000E+000       0.128471E+000       0.000000E+000      -0.465834E-031       0.334002E-028
117.000       0.531466E+000       0.314658E-001       0.166000E+000       0.000000E+000       0.134534E+000       0.000000E+000      -0.476427E-031       0.298636E-028
118.000       0.527149E+000       0.271492E-001       0.166000E+000       0.000000E+000       0.138851E+000       0.000000E+000      -0.457408E-031       0.329424E-028
119.000       0.521856E+000       0.218562E-001       0.166000E+000       0.000000E+000       0.144144E+000       0.000000E+000      -0.470649E-031       0.326514E-028
120.000       0.519685E+000       0.196851E-001       0.169000E+000       0.000000E+000       0.149315E+000       0.000000E+000      -0.461982E-031       0.303307E-028
121.000       0.537007E+000       0.370071E-001       0.190500E+000       0.000000E+000       0.153493E+000       0.000000E+000      -0.446816E-031       0.255334E-028
122.000       0.531983E+000       0.319825E-001       0.190500E+000       0.000000E+000       0.158517E+000       0.000000E+000      -0.450908E-031       0.284453E-028
123.000       0.528228E+000       0.282284E-001       0.190500E+000       0.000000E+000       0.162272E+000       0.000000E+000      -0.470649E-031       0.290038E-028
124.000       0.527672E+000       0.276718E-001       0.194500E+000       0.000000E+000       0.166828E+000       0.000000E+000      -0.476668E-031       0.279033E-028
125.000       0.523868E+000       0.238685E-001       0.194500E+000       0.000000E+000       0.170632E+000       0.000000E+000      -0.483649E-031       0.283447E-028
126.000       0.521266E+000       0.212657E-001       0.194500E+000       0.000000E+000       0.173234E+000       0.000000E+000      -0.482445E-031       0.278493E-028
127.000       0.520301E+000       0.203011E-001       0.194500E+000       0.000000E+000       0.174199E+000       0.000000E+000      -0.471131E-031       0.270456E-028
128.000       0.519616E+000       0.196158E-001       0.194500E+000       0.000000E+000       0.174884E+000       0.000000E+000      -0.467279E-031       0.267193E-028
129.000       0.519075E+000       0.190750E-001       0.194500E+000       0.000000E+000       0.175425E+000       0.000000E+000      -0.461501E-031       0.263076E-028
130.000       0.518629E+000       0.186289E-001       0.194500E+000       0.000000E+000       0.175871E+000       0.000000E+000      -0.467519E-031       0.265831E-028
131.000       0.518516E+000       0.185157E-001       0.197000E+000       0.000000E+000       0.178484E+000       0.000000E+000      -0.463427E-031       0.256059E-028
132.000       0.526789E+000       0.267892E-001       0.211000E+000       0.000000E+000       0.184211E+000       0.000000E+000      -0.454519E-031       0.229311E-028
133.000       0.522174E+000       0.221738E-001       0.211000E+000       0.000000E+000       0.188826E+000       0.000000E+000      -0.435982E-031       0.230891E-028
134.000       0.519339E+000       0.193390E-001       0.211000E+000       0.000000E+000       0.191661E+000       0.000000E+000      -0.431890E-031       0.225340E-028
135.000       0.518508E+000       0.185084E-001       0.211000E+000       0.000000E+000       0.192492E+000       0.000000E+000      -0.426834E-031       0.221742E-028
136.000       0.521406E+000       0.214062E-001       0.217000E+000       0.000000E+000       0.195594E+000       0.000000E+000      -0.435019E-031       0.215790E-028
137.000       0.520529E+000       0.205293E-001       0.220500E+000       0.000000E+000       0.199971E+000       0.000000E+000      -0.425871E-031       0.209303E-028
138.000       0.517504E+000       0.175037E-001       0.220500E+000       0.000000E+000       0.202996E+000       0.000000E+000      -0.429964E-031       0.211809E-028
139.000       0.527387E+000       0.273870E-001       0.234500E+000       0.000000E+000       0.207113E+000       0.000000E+000      -0.447297E-031       0.202294E-028
140.000       0.523654E+000       0.236540E-001       0.234500E+000       0.000000E+000       0.210846E+000       0.000000E+000      -0.441760E-031       0.209518E-028
141.000       0.519667E+000       0.196669E-001       0.234500E+000       0.000000E+000       0.214833E+000       0.000000E+000      -0.457168E-031       0.212801E-028
142.000       0.519489E+000       0.194887E-001       0.239500E+000       0.000000E+000       0.220011E+000       0.000000E+000      -0.459094E-031       0.204031E-028
143.000       0.517835E+000       0.178345E-001       0.239500E+000       0.000000E+000       0.221665E+000       0.000000E+000      -0.457890E-031       0.206568E-028
144.000       0.517197E+000       0.171974E-001       0.244500E+000       0.000000E+000       0.227303E+000       0.000000E+000      -0.468723E-031       0.201773E-028
145.000       0.516529E+000       0.165285E-001       0.244500E+000       0.000000E+000       0.227971E+000       0.000000E+000      -0.484371E-031       0.212470E-028
146.000       0.531158E+000       0.311575E-001       0.264000E+000       0.000000E+000       0.232842E+000       0.000000E+000      -0.513501E-031       0.203494E-028
147.000       0.525686E+000       0.256855E-001       0.264000E+000       0.000000E+000       0.238314E+000       0.000000E+000      -0.535409E-031       0.224665E-028
148.000       0.522622E+000       0.226221E-001       0.267500E+000       0.000000E+000       0.244878E+000       0.000000E+000      -0.560205E-031       0.225545E-028
149.000       0.520080E+000       0.200800E-001       0.267500E+000       0.000000E+000       0.247420E+000       0.000000E+000      -0.565983E-031       0.228754E-028
150.000       0.519208E+000       0.192079E-001       0.267500E+000       0.000000E+000       0.248292E+000       0.000000E+000      -0.545520E-031       0.219709E-028
151.000       0.518590E+000       0.185899E-001       0.267500E+000       0.000000E+000       0.248910E+000       0.000000E+000      -0.541909E-031       0.217713E-028
152.000       0.518109E+000       0.181091E-001       0.267500E+000       0.000000E+000       0.249391E+000       0.000000E+000      -0.546242E-031       0.219030E-028
153.000       0.517687E+000       0.176871E-001       0.267500E+000       0.000000E+000       0.249813E+000       0.000000E+000      -0.552020E-031       0.220973E-028
154.000       0.517307E+000       0.173069E-001       0.267500E+000       0.000000E+000       0.250193E+000       0.000000E+000      -0.562853E-031       0.224967E-028
155.000       0.516958E+000       0.169585E-001       0.267500E+000       0.000000E+000       0.250542E+000       0.000000E+000      -0.583557E-031       0.232918E-028
156.000       0.516783E+000       0.167830E-001       0.270500E+000       0.000000E+000       0.253717E+000       0.000000E+000      -0.602335E-031       0.234630E-028
157.000       0.516681E+000       0.166813E-001       0.277500E+000       0.000000E+000       0.260819E+000       0.000000E+000      -0.609557E-031       0.227601E-028
158.000       0.515869E+000       0.158687E-001       0.277500E+000       0.000000E+000       0.261631E+000       0.000000E+000      -0.597520E-031       0.228382E-028
159.000       0.515453E+000       0.154530E-001       0.277500E+000       0.000000E+000       0.262047E+000       0.000000E+000      -0.619186E-031       0.236288E-028
160.000       0.514921E+000       0.149209E-001       0.282500E+000       0.000000E+000       0.267579E+000       0.000000E+000      -0.641335E-031       0.235284E-028
161.000       0.514560E+000       0.145599E-001       0.282500E+000       0.000000E+000       0.267940E+000       0.000000E+000      -0.633631E-031       0.236482E-028
162.000       0.514220E+000       0.142202E-001       0.282500E+000       0.000000E+000       0.268280E+000       0.000000E+000      -0.671187E-031       0.250182E-028
163.000       0.513881E+000       0.138811E-001       0.282500E+000       0.000000E+000       0.268619E+000       0.000000E+000      -0.679853E-031       0.253092E-028
164.000       0.513558E+000       0.135579E-001       0.282500E+000       0.000000E+000       0.268942E+000       0.000000E+000      -0.679853E-031       0.252788E-028
165.000       0.513181E+000       0.131806E-001       0.288500E+000       0.000000E+000       0.275319E+000       0.000000E+000      -0.710187E-031       0.252448E-028
166.000       0.512811E+000       0.128113E-001       0.288500E+000       0.000000E+000       0.275689E+000       0.000000E+000      -0.716446E-031       0.259875E-028
167.000       0.512519E+000       0.125187E-001       0.289000E+000       0.000000E+000       0.276481E+000       0.000000E+000      -0.727520E-031       0.262660E-028
168.000       0.539537E+000       0.395366E-001       0.322000E+000       0.000000E+000       0.282463E+000       0.000000E+000      -0.750631E-031       0.237946E-028
169.000       0.534617E+000       0.346168E-001       0.322000E+000       0.000000E+000       0.287383E+000       0.000000E+000      -0.748224E-031       0.260358E-028
170.000       0.539168E+000       0.391676E-001       0.333500E+000       0.000000E+000       0.294332E+000       0.000000E+000      -0.753039E-031       0.246226E-028
171.000       0.534454E+000       0.344545E-001       0.334000E+000       0.000000E+000       0.299546E+000       0.000000E+000      -0.775187E-031       0.258356E-028
172.000       0.529673E+000       0.296735E-001       0.334000E+000       0.000000E+000       0.304327E+000       0.000000E+000      -0.794928E-031       0.261209E-028
173.000       0.527289E+000       0.272890E-001       0.334000E+000       0.000000E+000       0.306711E+000       0.000000E+000      -0.796854E-031       0.259806E-028
174.000       0.526374E+000       0.263739E-001       0.334000E+000       0.000000E+000       0.307626E+000       0.000000E+000      -0.812742E-031       0.264198E-028
175.000       0.525760E+000       0.257604E-001       0.334000E+000       0.000000E+000       0.308240E+000       0.000000E+000      -0.815150E-031       0.264453E-028
176.000       0.525290E+000       0.252904E-001       0.334000E+000       0.000000E+000       0.308710E+000       0.000000E+000      -0.819002E-031       0.265298E-028
177.000       0.524910E+000       0.249097E-001       0.334000E+000       0.000000E+000       0.309090E+000       0.000000E+000      -0.819965E-031       0.265283E-028
178.000       0.524564E+000       0.245637E-001       0.334000E+000       0.000000E+000       0.309436E+000       0.000000E+000      -0.840668E-031       0.271677E-028
179.000       0.524248E+000       0.242480E-001       0.334000E+000       0.000000E+000       0.309752E+000       0.000000E+000      -0.859446E-031       0.277463E-028
180.000       0.523941E+000       0.239406E-001       0.334000E+000       0.000000E+000       0.310059E+000       0.000000E+000      -0.882557E-031       0.284641E-028
181.000       0.523648E+000       0.236476E-001       0.334000E+000       0.000000E+000       0.310352E+000       0.000000E+000      -0.921557E-031       0.296939E-028
182.000       0.523349E+000       0.233494E-001       0.334000E+000       0.000000E+000       0.310651E+000       0.000000E+000      -0.924928E-031       0.297739E-028
183.000       0.523284E+000       0.232841E-001       0.335500E+000       0.000000E+000       0.312216E+000       0.000000E+000      -0.923002E-031       0.294216E-028
184.000       0.522941E+000       0.229412E-001       0.335500E+000       0.000000E+000       0.312559E+000       0.000000E+000      -0.949002E-031       0.303624E-028
185.000       0.522624E+000       0.226241E-001       0.335500E+000       0.000000E+000       0.312876E+000       0.000000E+000      -0.972113E-031       0.310702E-028
186.000       0.522981E+000       0.229815E-001       0.341000E+000       0.000000E+000       0.318019E+000       0.000000E+000      -0.991372E-031       0.306435E-028
187.000       0.521975E+000       0.219749E-001       0.341000E+000       0.000000E+000       0.319025E+000       0.000000E+000      -0.101593E-030       0.318448E-028
188.000       0.521590E+000       0.215897E-001       0.341000E+000       0.000000E+000       0.319410E+000       0.000000E+000      -0.105204E-030       0.329369E-028
189.000       0.521255E+000       0.212546E-001       0.341000E+000       0.000000E+000       0.319745E+000       0.000000E+000      -0.104963E-030       0.328271E-028
190.000       0.520933E+000       0.209333E-001       0.341000E+000       0.000000E+000       0.320067E+000       0.000000E+000      -0.106793E-030       0.333658E-028
191.000       0.529952E+000       0.299515E-001       0.356000E+000       0.000000E+000       0.326048E+000       0.000000E+000      -0.107997E-030       0.316660E-028
192.000       0.527385E+000       0.273847E-001       0.360000E+000       0.000000E+000       0.332615E+000       0.000000E+000      -0.107611E-030       0.319686E-028
193.000       0.539701E+000       0.397008E-001       0.380000E+000       0.000000E+000       0.340299E+000       0.000000E+000      -0.110548E-030       0.306824E-028
194.000       0.565462E+000       0.654616E-001       0.410000E+000       0.000000E+000       0.344538E+000       0.000000E+000      -0.112908E-030       0.301458E-028
195.000       0.560510E+000       0.605100E-001       0.410000E+000       0.000000E+000       0.349490E+000       0.000000E+000      -0.111511E-030       0.319069E-028
196.000       0.555848E+000       0.558476E-001       0.412000E+000       0.000000E+000       0.356152E+000       0.000000E+000      -0.114737E-030       0.320359E-028
197.000       0.549034E+000       0.490344E-001       0.412000E+000       0.000000E+000       0.362966E+000       0.000000E+000      -0.117145E-030       0.322743E-028
198.000       0.546216E+000       0.462156E-001       0.412000E+000       0.000000E+000       0.365784E+000       0.000000E+000      -0.126004E-030       0.344476E-028
199.000       0.545138E+000       0.451379E-001       0.415500E+000       0.000000E+000       0.370362E+000       0.000000E+000      -0.133419E-030       0.356866E-028
200.000       0.543951E+000       0.439509E-001       0.415500E+000       0.000000E+000       0.371549E+000       0.000000E+000      -0.140978E-030       0.379433E-028
201.000       0.543065E+000       0.430647E-001       0.415500E+000       0.000000E+000       0.372435E+000       0.000000E+000      -0.152437E-030       0.409299E-028
202.000       0.542379E+000       0.423786E-001       0.415500E+000       0.000000E+000       0.373121E+000       0.000000E+000      -0.164137E-030       0.439903E-028
203.000       0.541797E+000       0.417973E-001       0.415500E+000       0.000000E+000       0.373703E+000       0.000000E+000      -0.174345E-030       0.466533E-028
204.000       0.541316E+000       0.413164E-001       0.415500E+000       0.000000E+000       0.374184E+000       0.000000E+000      -0.183734E-030       0.491026E-028
205.000       0.540899E+000       0.408988E-001       0.415500E+000       0.000000E+000       0.374601E+000       0.000000E+000      -0.193604E-030       0.516827E-028
206.000       0.541108E+000       0.411078E-001       0.421000E+000       0.000000E+000       0.379892E+000       0.000000E+000      -0.203523E-030       0.528092E-028
207.000       0.540124E+000       0.401236E-001       0.421000E+000       0.000000E+000       0.380876E+000       0.000000E+000      -0.214067E-030       0.562038E-028
208.000       0.539542E+000       0.395415E-001       0.421000E+000       0.000000E+000       0.381458E+000       0.000000E+000      -0.221867E-030       0.581629E-028
209.000       0.539037E+000       0.390366E-001       0.421000E+000       0.000000E+000       0.381963E+000       0.000000E+000      -0.231978E-030       0.607331E-028
210.000       0.538572E+000       0.385720E-001       0.421000E+000       0.000000E+000       0.382428E+000       0.000000E+000      -0.240789E-030       0.629633E-028
211.000       0.538303E+000       0.383033E-001       0.422000E+000       0.000000E+000       0.383697E+000       0.000000E+000      -0.251238E-030       0.653080E-028
212.000       0.542537E+000       0.425370E-001       0.432000E+000       0.000000E+000       0.389463E+000       0.000000E+000      -0.261301E-030       0.654130E-028
213.000       0.538459E+000       0.384589E-001       0.432000E+000       0.000000E+000       0.393541E+000       0.000000E+000      -0.271171E-030       0.689054E-028
214.000       0.537618E+000       0.376177E-001       0.432000E+000       0.000000E+000       0.394382E+000       0.000000E+000      -0.279741E-030       0.709315E-028
215.000       0.542024E+000       0.420238E-001       0.441500E+000       0.000000E+000       0.399476E+000       0.000000E+000      -0.288312E-030       0.704960E-028
216.000       0.540629E+000       0.406293E-001       0.446000E+000       0.000000E+000       0.405371E+000       0.000000E+000      -0.298471E-030       0.728208E-028
217.000       0.537355E+000       0.373547E-001       0.446000E+000       0.000000E+000       0.408645E+000       0.000000E+000      -0.306849E-030       0.750893E-028
218.000       0.536579E+000       0.365785E-001       0.446000E+000       0.000000E+000       0.409421E+000       0.000000E+000      -0.318260E-030       0.777341E-028
219.000       0.543583E+000       0.435829E-001       0.456000E+000       0.000000E+000       0.412417E+000       0.000000E+000      -0.328804E-030       0.778388E-028
220.000       0.538547E+000       0.385468E-001       0.456000E+000       0.000000E+000       0.417453E+000       0.000000E+000      -0.336893E-030       0.807021E-028
221.000       0.536806E+000       0.368063E-001       0.456000E+000       0.000000E+000       0.419194E+000       0.000000E+000      -0.346475E-030       0.826527E-028
222.000       0.566252E+000       0.662517E-001       0.490500E+000       0.000000E+000       0.424248E+000       0.000000E+000      -0.357549E-030       0.779401E-028
223.000       0.562872E+000       0.628721E-001       0.490500E+000       0.000000E+000       0.427628E+000       0.000000E+000      -0.366986E-030       0.858190E-028
224.000       0.567278E+000       0.672783E-001       0.500500E+000       0.000000E+000       0.433222E+000       0.000000E+000      -0.375123E-030       0.846355E-028
225.000       0.565041E+000       0.650415E-001       0.504000E+000       0.000000E+000       0.438959E+000       0.000000E+000      -0.384175E-030       0.868273E-028
226.000       0.569590E+000       0.695900E-001       0.514000E+000       0.000000E+000       0.444410E+000       0.000000E+000      -0.393660E-030       0.866310E-028
227.000       0.573738E+000       0.737378E-001       0.521500E+000       0.000000E+000       0.447762E+000       0.000000E+000      -0.403338E-030       0.885946E-028
228.000       0.569481E+000       0.694810E-001       0.521500E+000       0.000000E+000       0.452019E+000       0.000000E+000      -0.413545E-030       0.914885E-028
229.000       0.564983E+000       0.649826E-001       0.521500E+000       0.000000E+000       0.456517E+000       0.000000E+000      -0.423705E-030       0.928124E-028
230.000       0.560691E+000       0.606906E-001       0.521500E+000       0.000000E+000       0.460809E+000       0.000000E+000      -0.433238E-030       0.940167E-028
231.000       0.557994E+000       0.579939E-001       0.521500E+000       0.000000E+000       0.463506E+000       0.000000E+000      -0.441134E-030       0.951733E-028
232.000       0.560210E+000       0.602099E-001       0.526000E+000       0.000000E+000       0.465790E+000       0.000000E+000      -0.450908E-030       0.958788E-028
233.000       0.557515E+000       0.575153E-001       0.526500E+000       0.000000E+000       0.468985E+000       0.000000E+000      -0.454616E-030       0.968329E-028
234.000       0.565131E+000       0.651313E-001       0.536500E+000       0.000000E+000       0.471369E+000       0.000000E+000      -0.462368E-030       0.960527E-028
235.000       0.562237E+000       0.622372E-001       0.536500E+000       0.000000E+000       0.474263E+000       0.000000E+000      -0.470408E-030       0.991873E-028
236.000       0.562401E+000       0.624007E-001       0.541500E+000       0.000000E+000       0.479099E+000       0.000000E+000      -0.476379E-030       0.984052E-028
237.000       0.559196E+000       0.591962E-001       0.541500E+000       0.000000E+000       0.482304E+000       0.000000E+000      -0.480375E-030       0.996001E-028
238.000       0.556983E+000       0.569826E-001       0.544000E+000       0.000000E+000       0.487017E+000       0.000000E+000      -0.481675E-030       0.983979E-028
239.000       0.554225E+000       0.542252E-001       0.544000E+000       0.000000E+000       0.489775E+000       0.000000E+000      -0.487116E-030       0.994571E-028
240.000       0.556418E+000       0.564177E-001       0.552000E+000       0.000000E+000       0.495582E+000       0.000000E+000      -0.491305E-030       0.975620E-028
241.000       0.553770E+000       0.537698E-001       0.553500E+000       0.000000E+000       0.499730E+000       0.000000E+000      -0.495542E-030       0.988651E-028
242.000       0.551789E+000       0.517889E-001       0.553500E+000       0.000000E+000       0.501711E+000       0.000000E+000      -0.499105E-030       0.994805E-028
243.000       0.550954E+000       0.509536E-001       0.553500E+000       0.000000E+000       0.502546E+000       0.000000E+000      -0.503245E-030       0.100139E-027
244.000       0.550314E+000       0.503139E-001       0.553500E+000       0.000000E+000       0.503186E+000       0.000000E+000      -0.505942E-030       0.100548E-027
245.000       0.549755E+000       0.497552E-001       0.553500E+000       0.000000E+000       0.503745E+000       0.000000E+000      -0.508349E-030       0.100914E-027
246.000       0.549237E+000       0.492368E-001       0.553500E+000       0.000000E+000       0.504263E+000       0.000000E+000      -0.510757E-030       0.101288E-027
247.000       0.551140E+000       0.511400E-001       0.559000E+000       0.000000E+000       0.507860E+000       0.000000E+000      -0.515668E-030       0.100450E-027
248.000       0.548561E+000       0.485614E-001       0.559000E+000       0.000000E+000       0.510439E+000       0.000000E+000      -0.521060E-030       0.102081E-027
249.000       0.547922E+000       0.479223E-001       0.559000E+000       0.000000E+000       0.511078E+000       0.000000E+000      -0.523083E-030       0.102349E-027
250.000       0.551653E+000       0.516533E-001       0.566500E+000       0.000000E+000       0.514847E+000       0.000000E+000      -0.528957E-030       0.101265E-027
251.000       0.547904E+000       0.479041E-001       0.566500E+000       0.000000E+000       0.518596E+000       0.000000E+000      -0.533194E-030       0.102815E-027
252.000       0.547030E+000       0.470301E-001       0.566500E+000       0.000000E+000       0.519470E+000       0.000000E+000      -0.536468E-030       0.103272E-027
253.000       0.546488E+000       0.464878E-001       0.566500E+000       0.000000E+000       0.520012E+000       0.000000E+000      -0.540994E-030       0.104035E-027
254.000       0.549053E+000       0.490533E-001       0.571500E+000       0.000000E+000       0.522447E+000       0.000000E+000      -0.544557E-030       0.103244E-027
255.000       0.546378E+000       0.463781E-001       0.571500E+000       0.000000E+000       0.525122E+000       0.000000E+000      -0.548697E-030       0.104490E-027
256.000       0.545553E+000       0.455528E-001       0.571500E+000       0.000000E+000       0.525947E+000       0.000000E+000      -0.552164E-030       0.104985E-027
257.000       0.545047E+000       0.450473E-001       0.571500E+000       0.000000E+000       0.526453E+000       0.000000E+000      -0.555534E-030       0.105524E-027
258.000       0.556460E+000       0.564604E-001       0.586500E+000       0.000000E+000       0.530040E+000       0.000000E+000      -0.559579E-030       0.102668E-027
259.000       0.553109E+000       0.531088E-001       0.587500E+000       0.000000E+000       0.534391E+000       0.000000E+000      -0.562757E-030       0.105111E-027
260.000       0.550279E+000       0.502786E-001       0.587500E+000       0.000000E+000       0.537221E+000       0.000000E+000      -0.569016E-030       0.105918E-027
261.000       0.558978E+000       0.589779E-001       0.600000E+000       0.000000E+000       0.541022E+000       0.000000E+000      -0.572579E-030       0.103443E-027
262.000       0.555630E+000       0.556302E-001       0.600500E+000       0.000000E+000       0.544870E+000       0.000000E+000      -0.576720E-030       0.105748E-027
263.000       0.552083E+000       0.520826E-001       0.600500E+000       0.000000E+000       0.548417E+000       0.000000E+000      -0.582498E-030       0.106214E-027
264.000       0.549914E+000       0.499142E-001       0.600500E+000       0.000000E+000       0.550586E+000       0.000000E+000      -0.584423E-030       0.106146E-027
265.000       0.549067E+000       0.490672E-001       0.600500E+000       0.000000E+000       0.551433E+000       0.000000E+000      -0.589238E-030       0.106856E-027
266.000       0.548523E+000       0.485230E-001       0.600500E+000       0.000000E+000       0.551977E+000       0.000000E+000      -0.595209E-030       0.107832E-027
267.000       0.548089E+000       0.480894E-001       0.600500E+000       0.000000E+000       0.552411E+000       0.000000E+000      -0.596075E-030       0.107904E-027
268.000       0.547704E+000       0.477036E-001       0.600500E+000       0.000000E+000       0.552796E+000       0.000000E+000      -0.601661E-030       0.108839E-027
269.000       0.547350E+000       0.473500E-001       0.600500E+000       0.000000E+000       0.553150E+000       0.000000E+000      -0.604838E-030       0.109344E-027
270.000       0.547014E+000       0.470142E-001       0.600500E+000       0.000000E+000       0.553486E+000       0.000000E+000      -0.607053E-030       0.109678E-027
271.000       0.546683E+000       0.466832E-001       0.600500E+000       0.000000E+000       0.553817E+000       0.000000E+000      -0.609942E-030       0.110134E-027
272.000       0.548561E+000       0.485607E-001       0.605500E+000       0.000000E+000       0.556939E+000       0.000000E+000      -0.614661E-030       0.109382E-027
273.000       0.546469E+000       0.464693E-001       0.605500E+000       0.000000E+000       0.559031E+000       0.000000E+000      -0.619764E-030       0.110864E-027
274.000       0.545977E+000       0.459767E-001       0.605500E+000       0.000000E+000       0.559523E+000       0.000000E+000      -0.623712E-030       0.111472E-027
275.000       0.545605E+000       0.456053E-001       0.605500E+000       0.000000E+000       0.559895E+000       0.000000E+000      -0.628720E-030       0.112293E-027
276.000       0.545269E+000       0.452689E-001       0.605500E+000       0.000000E+000       0.560231E+000       0.000000E+000      -0.631224E-030       0.112672E-027
277.000       0.544958E+000       0.449579E-001       0.605500E+000       0.000000E+000       0.560542E+000       0.000000E+000      -0.636231E-030       0.113503E-027
278.000       0.544650E+000       0.446501E-001       0.605500E+000       0.000000E+000       0.560850E+000       0.000000E+000      -0.641720E-030       0.114419E-027
279.000       0.544343E+000       0.443434E-001       0.605500E+000       0.000000E+000       0.561157E+000       0.000000E+000      -0.645572E-030       0.115043E-027
280.000       0.544050E+000       0.440496E-001       0.605500E+000       0.000000E+000       0.561450E+000       0.000000E+000      -0.649327E-030       0.115652E-027
281.000       0.543760E+000       0.437599E-001       0.605500E+000       0.000000E+000       0.561740E+000       0.000000E+000      -0.652890E-030       0.116226E-027
282.000       0.543476E+000       0.434758E-001       0.605500E+000       0.000000E+000       0.562024E+000       0.000000E+000      -0.657224E-030       0.116939E-027
283.000       0.543188E+000       0.431881E-001       0.605500E+000       0.000000E+000       0.562312E+000       0.000000E+000      -0.660690E-030       0.117495E-027
284.000       0.542904E+000       0.429044E-001       0.605500E+000       0.000000E+000       0.562596E+000       0.000000E+000      -0.664735E-030       0.118155E-027
285.000       0.542628E+000       0.426277E-001       0.605500E+000       0.000000E+000       0.562872E+000       0.000000E+000      -0.668009E-030       0.118679E-027
286.000       0.542357E+000       0.423575E-001       0.605500E+000       0.000000E+000       0.563143E+000       0.000000E+000      -0.670416E-030       0.119049E-027
287.000       0.542094E+000       0.420941E-001       0.605500E+000       0.000000E+000       0.563406E+000       0.000000E+000      -0.675905E-030       0.119968E-027
288.000       0.541829E+000       0.418285E-001       0.605500E+000       0.000000E+000       0.563671E+000       0.000000E+000      -0.679372E-030       0.120526E-027
289.000       0.541571E+000       0.415713E-001       0.605500E+000       0.000000E+000       0.563929E+000       0.000000E+000      -0.683416E-030       0.121188E-027
290.000       0.541320E+000       0.413199E-001       0.605500E+000       0.000000E+000       0.564180E+000       0.000000E+000      -0.688038E-030       0.121954E-027
291.000       0.541067E+000       0.410668E-001       0.605500E+000       0.000000E+000       0.564433E+000       0.000000E+000      -0.694105E-030       0.122974E-027
292.000       0.540823E+000       0.408228E-001       0.605500E+000       0.000000E+000       0.564677E+000       0.000000E+000      -0.701713E-030       0.124268E-027
293.000       0.540587E+000       0.405870E-001       0.605500E+000       0.000000E+000       0.564913E+000       0.000000E+000      -0.708068E-030       0.125341E-027
294.000       0.540350E+000       0.403500E-001       0.605500E+000       0.000000E+000       0.565150E+000       0.000000E+000      -0.717601E-030       0.126975E-027
295.000       0.540122E+000       0.401216E-001       0.605500E+000       0.000000E+000       0.565378E+000       0.000000E+000      -0.724053E-030       0.128065E-027
296.000       0.539892E+000       0.398922E-001       0.605500E+000       0.000000E+000       0.565608E+000       0.000000E+000      -0.733876E-030       0.129750E-027
297.000       0.539673E+000       0.396726E-001       0.605500E+000       0.000000E+000       0.565827E+000       0.000000E+000      -0.744276E-030       0.131538E-027
298.000       0.539452E+000       0.394523E-001       0.605500E+000       0.000000E+000       0.566048E+000       0.000000E+000      -0.754868E-030       0.133358E-027
299.000       0.539231E+000       0.392313E-001       0.605500E+000       0.000000E+000       0.566269E+000       0.000000E+000      -0.763150E-030       0.134768E-027
300.000       0.539017E+000       0.390175E-001       0.605500E+000       0.000000E+000       0.566483E+000       0.000000E+000      -0.771720E-030       0.136230E-027
301.000       0.538803E+000       0.388032E-001       0.605500E+000       0.000000E+000       0.566697E+000       0.000000E+000      -0.780676E-030       0.137759E-027
302.000       0.538599E+000       0.385991E-001       0.605500E+000       0.000000E+000       0.566901E+000       0.000000E+000      -0.790113E-030       0.139374E-027
303.000       0.538395E+000       0.383946E-001       0.605500E+000       0.000000E+000       0.567105E+000       0.000000E+000      -0.800416E-030       0.141141E-027
304.000       0.538190E+000       0.381897E-001       0.605500E+000       0.000000E+000       0.567310E+000       0.000000E+000      -0.809757E-030       0.142736E-027
305.000       0.549243E+000       0.492429E-001       0.618000E+000       0.000000E+000       0.568757E+000       0.000000E+000      -0.817942E-030       0.140720E-027
306.000       0.547430E+000       0.474297E-001       0.618000E+000       0.000000E+000       0.570570E+000       0.000000E+000      -0.828246E-030       0.145161E-027
307.000       0.546246E+000       0.462463E-001       0.618000E+000       0.000000E+000       0.571754E+000       0.000000E+000      -0.837972E-030       0.146562E-027
308.000       0.545239E+000       0.452392E-001       0.618000E+000       0.000000E+000       0.572761E+000       0.000000E+000      -0.847217E-030       0.147918E-027
309.000       0.543396E+000       0.433955E-001       0.618000E+000       0.000000E+000       0.574604E+000       0.000000E+000      -0.856268E-030       0.149019E-027
310.000       0.542008E+000       0.420076E-001       0.618000E+000       0.000000E+000       0.575992E+000       0.000000E+000      -0.864839E-030       0.150148E-027
311.000       0.541486E+000       0.414864E-001       0.618000E+000       0.000000E+000       0.576514E+000       0.000000E+000      -0.874180E-030       0.151632E-027
312.000       0.541092E+000       0.410917E-001       0.618000E+000       0.000000E+000       0.576908E+000       0.000000E+000      -0.884869E-030       0.153381E-027
313.000       0.540762E+000       0.407617E-001       0.618000E+000       0.000000E+000       0.577238E+000       0.000000E+000      -0.894306E-030       0.154928E-027
314.000       0.546498E+000       0.464976E-001       0.624500E+000       0.000000E+000       0.578002E+000       0.000000E+000      -0.906054E-030       0.155013E-027
315.000       0.545491E+000       0.454909E-001       0.624500E+000       0.000000E+000       0.579009E+000       0.000000E+000      -0.915780E-030       0.158163E-027
316.000       0.544195E+000       0.441948E-001       0.624500E+000       0.000000E+000       0.580305E+000       0.000000E+000      -0.925795E-030       0.159536E-027
317.000       0.543570E+000       0.435703E-001       0.624500E+000       0.000000E+000       0.580930E+000       0.000000E+000      -0.936869E-030       0.161271E-027
318.000       0.543074E+000       0.430743E-001       0.624500E+000       0.000000E+000       0.581426E+000       0.000000E+000      -0.947076E-030       0.162889E-027
319.000       0.542415E+000       0.424152E-001       0.624500E+000       0.000000E+000       0.582085E+000       0.000000E+000      -0.957283E-030       0.164458E-027
320.000       0.541780E+000       0.417804E-001       0.624500E+000       0.000000E+000       0.582720E+000       0.000000E+000      -0.967106E-030       0.165964E-027
321.000       0.541284E+000       0.412839E-001       0.624500E+000       0.000000E+000       0.583216E+000       0.000000E+000      -0.977121E-030       0.167540E-027
322.000       0.540440E+000       0.404402E-001       0.624500E+000       0.000000E+000       0.584060E+000       0.000000E+000      -0.986654E-030       0.168930E-027
323.000       0.540007E+000       0.400074E-001       0.624500E+000       0.000000E+000       0.584493E+000       0.000000E+000      -0.996572E-030       0.170502E-027
324.000       0.539676E+000       0.396763E-001       0.624500E+000       0.000000E+000       0.584824E+000       0.000000E+000      -0.100649E-029       0.172102E-027
325.000       0.539385E+000       0.393851E-001       0.624500E+000       0.000000E+000       0.585115E+000       0.000000E+000      -0.101516E-029       0.173497E-027
326.000       0.539125E+000       0.391254E-001       0.624500E+000       0.000000E+000       0.585375E+000       0.000000E+000      -0.102459E-029       0.175032E-027
327.000       0.538890E+000       0.388898E-001       0.624500E+000       0.000000E+000       0.585610E+000       0.000000E+000      -0.103577E-029       0.176869E-027
328.000       0.538661E+000       0.386608E-001       0.624500E+000       0.000000E+000       0.585839E+000       0.000000E+000      -0.104414E-029       0.178230E-027
329.000       0.538439E+000       0.384388E-001       0.624500E+000       0.000000E+000       0.586061E+000       0.000000E+000      -0.105425E-029       0.179888E-027
330.000       0.538233E+000       0.382327E-001       0.624500E+000       0.000000E+000       0.586267E+000       0.000000E+000      -0.106263E-029       0.181254E-027
331.000       0.538025E+000       0.380248E-001       0.624500E+000       0.000000E+000       0.586475E+000       0.000000E+000      -0.107294E-029       0.182946E-027
332.000       0.537826E+000       0.378260E-001       0.624500E+000       0.000000E+000       0.586674E+000       0.000000E+000      -0.108305E-029       0.184608E-027
333.000       0.537635E+000       0.376354E-001       0.624500E+000       0.000000E+000       0.586865E+000       0.000000E+000      -0.109268E-029       0.186189E-027
334.000       0.537453E+000       0.374533E-001       0.624500E+000       0.000000E+000       0.587047E+000       0.000000E+000      -0.110404E-029       0.188067E-027
335.000       0.537270E+000       0.372703E-001       0.624500E+000       0.000000E+000       0.587230E+000       0.000000E+000      -0.111299E-029       0.189533E-027
336.000       0.537086E+000       0.370864E-001       0.624500E+000       0.000000E+000       0.587414E+000       0.000000E+000      -0.112224E-029       0.191048E-027
337.000       0.539424E+000       0.394243E-001       0.627500E+000       0.000000E+000       0.588076E+000       0.000000E+000      -0.113216E-029       0.191542E-027
338.000       0.538801E+000       0.388007E-001       0.627500E+000       0.000000E+000       0.588699E+000       0.000000E+000      -0.114458E-029       0.194425E-027
339.000       0.538529E+000       0.385293E-001       0.627500E+000       0.000000E+000       0.588971E+000       0.000000E+000      -0.115460E-029       0.196036E-027
340.000       0.538276E+000       0.382760E-001       0.627500E+000       0.000000E+000       0.589224E+000       0.000000E+000      -0.116317E-029       0.197406E-027
341.000       0.537974E+000       0.379736E-001       0.627500E+000       0.000000E+000       0.589526E+000       0.000000E+000      -0.117308E-029       0.198988E-027
342.000       0.537575E+000       0.375747E-001       0.627500E+000       0.000000E+000       0.589925E+000       0.000000E+000      -0.118117E-029       0.200224E-027
343.000       0.537112E+000       0.371118E-001       0.627500E+000       0.000000E+000       0.590388E+000       0.000000E+000      -0.119022E-029       0.201600E-027
344.000       0.536681E+000       0.366807E-001       0.627500E+000       0.000000E+000       0.590819E+000       0.000000E+000      -0.120120E-029       0.203311E-027
345.000       0.536375E+000       0.363749E-001       0.627500E+000       0.000000E+000       0.591125E+000       0.000000E+000      -0.121102E-029       0.204868E-027
346.000       0.536079E+000       0.360791E-001       0.627500E+000       0.000000E+000       0.591421E+000       0.000000E+000      -0.122229E-029       0.206670E-027
347.000       0.535868E+000       0.358679E-001       0.627500E+000       0.000000E+000       0.591632E+000       0.000000E+000      -0.123105E-029       0.208078E-027
348.000       0.535666E+000       0.356661E-001       0.627500E+000       0.000000E+000       0.591834E+000       0.000000E+000      -0.123837E-029       0.209243E-027
349.000       0.535483E+000       0.354828E-001       0.627500E+000       0.000000E+000       0.592017E+000       0.000000E+000      -0.124916E-029       0.211000E-027
350.000       0.535309E+000       0.353094E-001       0.627500E+000       0.000000E+000       0.592191E+000       0.000000E+000      -0.125927E-029       0.212646E-027
351.000       0.535143E+000       0.351430E-001       0.627500E+000       0.000000E+000       0.592357E+000       0.000000E+000      -0.126900E-029       0.214228E-027
352.000       0.534987E+000       0.349868E-001       0.627500E+000       0.000000E+000       0.592513E+000       0.000000E+000      -0.127920E-029       0.215894E-027
353.000       0.534830E+000       0.348301E-001       0.627500E+000       0.000000E+000       0.592670E+000       0.000000E+000      -0.128729E-029       0.217202E-027
354.000       0.534673E+000       0.346730E-001       0.627500E+000       0.000000E+000       0.592827E+000       0.000000E+000      -0.129769E-029       0.218899E-027
355.000       0.534535E+000       0.345352E-001       0.627500E+000       0.000000E+000       0.592965E+000       0.000000E+000      -0.130732E-029       0.220472E-027
356.000       0.546445E+000       0.464450E-001       0.640500E+000       0.000000E+000       0.594055E+000       0.000000E+000      -0.131868E-029       0.217226E-027
357.000       0.548967E+000       0.489670E-001       0.644000E+000       0.000000E+000       0.595033E+000       0.000000E+000      -0.132716E-029       0.221735E-027
358.000       0.550795E+000       0.507948E-001       0.646500E+000       0.000000E+000       0.595705E+000       0.000000E+000      -0.133669E-029       0.223450E-027
359.000       0.550349E+000       0.503486E-001       0.646500E+000       0.000000E+000       0.596151E+000       0.000000E+000      -0.134603E-029       0.225787E-027
360.000       0.549946E+000       0.499459E-001       0.646500E+000       0.000000E+000       0.596554E+000       0.000000E+000      -0.135653E-029       0.227394E-027
361.000       0.549437E+000       0.494370E-001       0.646500E+000       0.000000E+000       0.597063E+000       0.000000E+000      -0.136568E-029       0.228732E-027
362.000       0.549089E+000       0.490887E-001       0.646500E+000       0.000000E+000       0.597411E+000       0.000000E+000      -0.137598E-029       0.230324E-027
363.000       0.548740E+000       0.487403E-001       0.646500E+000       0.000000E+000       0.597760E+000       0.000000E+000      -0.138532E-029       0.231752E-027
364.000       0.548199E+000       0.481986E-001       0.646500E+000       0.000000E+000       0.598301E+000       0.000000E+000      -0.139534E-029       0.233216E-027
365.000       0.550760E+000       0.507603E-001       0.650000E+000       0.000000E+000       0.599240E+000       0.000000E+000      -0.140506E-029       0.233113E-027
